Anderson, Vic
	Alan Bryant<br>Specialist, SW Engineer
	Alex Klein<br>Associate, Admin**
	Beth Tirado<br>Specialist, SW Engineer
	Brandon Bateman<br>Senior, SW Engineer
	Candy Liang<br>Senior Manager, Engineering
	John Burnham<br>Senior Manager, Engineering
	Mark Persons<br>Master, SWQA Engineer
	Matt Pfahl<br>Manager, SW Engineer
	Nishant Kohli<br>Director, Engineering
	Stephen Prochniak<br>Specialist, SW Engineer**
Burnham, John
	Adrien Van Thong<br>Senior, SW Engineer
	Albert Chang<br>Software Engineer
	Andrew Todd<br>Senior, SW Engineer
	Eric Strand<br>Specialist, SW Engineer
	Jonathan da Cruz<br>SWQA Engineer
	Ngale Clark<br>Senior, SW Engineer
	Sameer Apte<br>Specialist, SW Engineer
	Sean Jiang<br>Specialist, SW Engineer
Chestna, Wayne
	Emily Wilson<br>SWQA Engineer
	Jordan Diehl<br>Associate, SW Engineer
	Manet Mau<br>Specialist, SW Engineer
	Mark Bronner<br>Senior, SW Engineer
	Robert Giddings<br>Specialist, SWQA Engineer
	Sean Robinson<br>Software Engineer
	Steve Gallerani<br>Specialist, SWQA Engineer
Isherwood, Ben
	David Charubini<br>Senior, SW Engineer
	Frank Fodera<br>Software Engineer
	Ilya Tatar<br>Specialist, SW Engineer
	Kevin Grimaldi<br>Senior, SW Engineer
	Nate Gershaneck<br>Software Engineer
	Nick DeRoo<br>Software Engineer
Kohli, Nishant
	Charlie Bennett<br>Specialist, SW Engineer
	David Blacklock<br>Master, SW Engineer
	Diane Ramsey<br>Specialist, SW Engineer
	Lisa Dames<br>Specialist, SW Engineer
	Steven Haapaoja<br>Senior, SW Engineer
	Wayne Chestna<br>Senior Manager, Engineering
	William Roberts<br>Specialist, SWQA Engineer
Kostadinov, Alex
	Bryan Conlon<br>Technical Writer
	Jonathan Lee<br>SWQA Engineer
	Mary Larrousse<br>Associate, SW Engineer
	Mike Fontes<br>Software Engineer**
	Robert Cooper<br>Senior, SW Engineer
	Scott Yaninas<br>Software Engineer
	Walter Wohler<br>Software Engineer
Liang, Candy
	Eric Wilson<br>Senior, SW Engineer
	Jerry Shea<br>Specialist, SW Engineer
	Logan Stuart<br>Software Engineer
	Meaghan Harty<br>Software Engineer
	Nagaraja Doddappa<br>Specialist, SW Engineer**
	Nick Evelson<br>Associate, Tech Writer**
	Nitesh Taneja<br>Specialist, SW Engineer
	Tyler Maxwell<br>Specialist, SW Engineer
Lin, Wayzen
	Ben Clifford<br>Specialist, SW Engineer
	Joe Hartford<br>Specialist, SW Engineer
	Marty Kulma<br>Specialist, SW Engineer
	Rashmi Mittal<br>Master, SW Engineer
	Rich Bramante<br>Specialist, SW Engineer
	Steven Isaacson<br>Specialist, SW Engineer
	Thorsten Simons<br>Master, SW Engineer
	Vijay Raman<br>Master, SW Engineer
Pannese, Donald
	Kyle Lopes<br>Associate, SWQA Engineer
	Nathan Jellis<br>Software Engineer
	Steve Everitt<br>Associate, SW Engineer
	Tom Baron<br>Specialist, SWQA Engineer
	Tom Meagher<br>Software Engineer
	Zhiyang Tan<br>Associate, SW Engineer**
Pfahl, Matt
	Ahmed Ebaid<br>Associate, SW Engineer
	Alex Leich<br>Associate, SW Engineer
	Andrew Boba<br>Associate, SW Engineer**
	Jon Bishop<br>Associate, SWQA Engineer**
	Tyler Lomas<br>Associate, SW Engineer**
Pinkney, Dave
	Alex Kostadinov<br>Manager, Engineering
	Ben Isherwood<br>Senior Manager, Engineering
	Clay Curry<br>Specialist, SW Engineer
	Donald Pannese<br>Senior Manager, Engineering
	Hank Wilder<br>Specialist, SWQA Engineer
	Nate Clark<br>Specialist, SW Engineer
	Saunil Desai<br>Engineering Intern
	Sowmya Manjanatha<br>Specialist, SW Engineer
	Tushar Nikam<br>Engineering Intern
	Vitaly Zolotusky<br>Master, SW Engineer
	Yury Kats<br>Master, SW Engineer
Rogers, Rich
	Andrew List<br>Strategist, Engineering
	Dave Pinkney<br>Senior Director, Engineering
	Vic Anderson<br>Senior Director, Engineering
	Wayzen Lin<br>Senior Director, Engineering
_Manager Not Set
	Keita Hosoi
	Kyosuke Achiwa
	Masahiro Shimizu
	Name
	TBH<br>11940
	TBH<br>11957**
	TBH<br>12372**
	TBH<br>12455
	TBH<br>12706
	TBH<br>12829
	TBH<br>12887**
	TBH<br>13118
	TBH<br>13121
	TBH<br>13166**
	TBH<br>13171
	TBH<br>13172**
	TBH<br>13237
	TBH<br>13238
	TBH<br>13239
	TBH<br>13240
	TBH<br>13363**
	TBH<br>13365
	TBH<br>13427
	TBH<br>13428**
	TBH<br>13486
	TBH<br>13645
	TBH<br>13646
	TBH<br>13651
	TBH<br>13657
	TBH<br>13677**
	TBH<br>13678
	TBH<br>13680
	TBH<br>Unfunded
	TBH<br>Unfunded
	TBH<br>Unfunded
	TBH<br>Unfunded
