Product Team
	Functional Team
		Name
HCP
	Head Coach
		Nishant Kohli<br>Director, Engineering
	Product Owner
		Ben Clifford<br>Specialist, SW Engineer
		Candy Liang<br>Senior Manager, Engineering
		TBH<br>13657<br>Specialist, SW Engineer
	Development
		David Charubini<br>Senior, SW Engineer
		Jerry Shea<br>Specialist, SW Engineer
		Nate Gershaneck<br>Software Engineer
		Sowmya Manjanatha<br>Specialist, SW Engineer
		Steven Haapaoja<br>Senior, SW Engineer
		Yury Kats<br>Master, SW Engineer
	Development
		Vitaly Zolotusky<br>Master, SW Engineer
		TBH<br>12455<br>Specialist, SW Engineer
		TBH<br>13427<br>Specialist, SW Engineer
		TBH<br>Unfunded<br>Specialist, SW Engineer
	Quality Assurance
		Emily Wilson<br>SWQA Engineer
		Steve Gallerani<br>Specialist, SWQA Engineer
		William Roberts<br>Specialist, SWQA Engineer
	Characterization
		Nitesh Taneja<br>Specialist, SW Engineer
		TBH<br>13172<br>Senior, SW Engineer**
		TBH<br>13645<br>Specialist, SWQA Engineer
	Automation
		Frank Fodera<br>Software Engineer
		Joe Hartford<br>Specialist, SW Engineer
		Nagaraja Doddappa<br>Specialist, SW Engineer**
		Nathan Jellis<br>Software Engineer
		Zhiyang Tan<br>Associate, SW Engineer**
		TBH<br>13171<br>Software Engineer
		TBH<br>13486<br>Engineering Intern
	Sustaining
		Logan Stuart<br>Software Engineer
		Nick DeRoo<br>Software Engineer
		TBH<br>13428<br>Software Engineer**
		TBH<br>13651<br>Software Engineer
	Documentation
		Nick Evelson<br>Associate, Tech Writer**
	User Experience
		TBH<br>12706<br>Software Engineer
HDDS
	Head Coach
		Ben Isherwood<br>Senior Manager, Engineering
	Product Owner
		TBH<br>13118<br>Master, SW Engineer
	Development
		Manet Mau<br>Specialist, SW Engineer
		TBH<br>13121<br>Senior, SW Engineer
	Quality Assurance
		Hank Wilder<br>Specialist, SWQA Engineer
	Characterization
		TBH<br>13363<br>Software Engineer**
	Automation
		TBH<br>13166<br>Software Engineer**
	Sustaining
		TBH<br>13365<br>Software Engineer
Expat
	Quality Assurance
		Keita Hosoi (HCP)
		Masahiro Shimizu (HCP?)
	Characterization
		Kyosuke Achiwa (HCP)
Cross
	Technology
		Thorsten Simons<br>Master, SW Engineer
		Wayzen Lin<br>Senior Director, Engineering
		TBH<br>13237<br>Specialist, SW Engineer
		TBH<br>13238<br>Specialist, SW Engineer
		TBH<br>13239<br>Senior, SW Engineer
		TBH<br>13240<br>Senior, SW Engineer
	DevOps
		Adrien Van Thong<br>Senior, SW Engineer
		Meaghan Harty<br>Software Engineer
		Sean Robinson<br>Software Engineer
		TBH<br>12372<br>Software Engineer**
	Admin
		Alex Klein<br>Associate, Admin**
HCP-AW
	Head Coach
		Vic Anderson<br>Senior Director, Engineering
	Product Owner
		Brandon Bateman<br>Senior, SW Engineer
		Rashmi Mittal<br>Master, SW Engineer
		Vijay Raman<br>Master, SW Engineer
		TBH<br>11957<br>Senior, SW Engineer**
	Development
		Alan Bryant<br>Specialist, SW Engineer
		Ngale Clark<br>Senior, SW Engineer
		Rich Bramante<br>Specialist, SW Engineer
		Rob Cooper<br>Senior, SW Engineer
		Sameer Apte<br>Specialist, SW Engineer
		Steven Isaacson<br>Specialist, SW Engineer
	Development
		Alex Kostadinov<br>Manager, Engineering
		Andrew Todd<br>Senior, SW Engineer
		Beth Tirado<br>Specialist, SW Engineer
		Scott Yaninas<br>Software Engineer
		Sean Jiang<br>Specialist, SW Engineer
		Stephen Prochniak<br>Specialist, SW Engineer**
		Walter Wohler<br>Software Engineer
	Quality Assurance
		John Burnham<br>Senior Manager, Engineering
		Jon Bishop<br>Associate, SWQA Engineer**
		Jonathan Lee<br>SWQA Engineer
		Tyler Lomas<br>Associate, SW Engineer**
		TBH<br>13646<br>Specialist, SWQA Engineer
	Characterization
		Albert Chang<br>Software Engineer
		Jonathan da Cruz<br>SWQA Engineer
		Marty Kulma<br>Specialist, SW Engineer
		Mary Larrousse<br>Associate, SW Engineer
	Automation
		Ahmed Ebaid<br>Associate, SW Engineer
		Andrew Boba<br>Associate, SW Engineer**
		Matt Pfahl<br>Manager, SW Engineer
		Mike Fontes<br>Software Engineer**
	Sustaining
		Mark Persons<br>Master, SWQA Engineer
	Documentation
		Bryan Conlon<br>Technical Writer
	User Experience
		Alex Leich<br>Associate, SW Engineer
		Eric Strand<br>Specialist, SW Engineer
HCP (Rhino)
	Head Coach
		Dave Pinkney<br>Senior Director, Engineering
	Product Owner
		Andrew List<br>Strategist, Engineering
		Mark Bronner<br>Senior, SW Engineer
		TBH<br>Unfunded<br>Senior, SW Engineer
	Development
		Clay Curry<br>Specialist, SW Engineer
		Diane Ramsey<br>Specialist, SW Engineer
		Kevin Grimaldi<br>Senior, SW Engineer
		Nate Clark<br>Specialist, SW Engineer
		Tom Meagher<br>Software Engineer
		Tyler Maxwell<br>Specialist, SW Engineer
	Development
		Ilya Tatar<br>Specialist, SW Engineer
		TBH<br>12829<br>Senior, SW Engineer
		TBH<br>Unfunded<br>Senior, SW Engineer
	Quality Assurance
		Kyle Lopes<br>Associate, SWQA Engineer
		Robert Giddings<br>Specialist, SWQA Engineer
		Tom Baron<br>Specialist, SWQA Engineer
		Wayne Chestna<br>Senior Manager, Engineering
	Characterization
		Charlie Bennett<br>Specialist, SW Engineer
		David Blacklock<br>Master, SW Engineer
		TBH<br>Unfunded<br>Software Engineer
	Automation
		Donald Pannese<br>Senior Manager, Engineering
		Jordan Diehl<br>Associate, SW Engineer
		Saunil Desai<br>Engineering Intern
		Steve Everitt<br>Associate, SW Engineer
		Tushar Nikam<br>Engineering Intern
		TBH<br>12887<br>Software Engineer**
	Documentation
		Lisa Dames<br>Specialist, SW Engineer
	User Experience
		Eric Wilson<br>Senior, SW Engineer
HVS
	Quality Assurance
		TBH<br>13677<br>Senior, SWQA Engineer**
	TBD
		TBH<br>13678<br>Specialist, SW Engineer
	Developer
		TBH<br>13680<br>Senior, SW Engineer
HCP Pending
	Development
		TBH<br>11940<br>Senior Manager, Engineering

